<?xml version="1.0" encoding="UTF-8"?>
<!-- Generated by org.testng.reporters.JUnitReportReporter -->
<testsuite hostname="HOISL_SANDUNJ" failures="0" tests="2" name="testng.testngtest03" time="0.003" errors="0" timestamp="2024-12-09T17:32:12 IST" skipped="0">
  <testcase classname="testng.testngtest03" name="vanloan_02" time="0.002"/>
  <system-out/>
  <testcase classname="testng.testngtest03" name="carloan_01" time="0.001"/>
  <system-out/>
</testsuite> <!-- testng.testngtest03 -->
