<?xml version="1.0" encoding="UTF-8"?>
<!-- Generated by org.testng.reporters.JUnitReportReporter -->
<testsuite hostname="HOISL_SANDUNJ" failures="0" tests="1" name="testng.testngtest02" time="0.001" errors="0" timestamp="2024-12-09T17:32:12 IST" skipped="0">
  <testcase classname="testng.testngtest02" name="tesnng03" time="0.001"/>
  <system-out/>
</testsuite> <!-- testng.testngtest02 -->
