<?xml version="1.0" encoding="UTF-8"?>
<!-- Generated by org.testng.reporters.JUnitReportReporter -->
<testsuite hostname="HOISL_SANDUNJ" failures="0" tests="2" name="testng.testngtest" time="0.036" errors="0" timestamp="2024-12-09T17:32:12 IST" skipped="0">
  <testcase classname="testng.testngtest" name="multipletestcase" time="0.021"/>
  <system-out/>
  <testcase classname="testng.testngtest" name="printtestng" time="0.015"/>
  <system-out/>
</testsuite> <!-- testng.testngtest -->
