<?xml version="1.0" encoding="UTF-8"?>
<!-- Generated by org.testng.reporters.JUnitReportReporter -->
<testsuite hostname="HOISL_SANDUNJ" failures="0" tests="2" name="testng.testngtest" time="0.009" errors="0" timestamp="2024-12-09T12:39:38 IST" skipped="0">
  <testcase classname="testng.testngtest" name="multipletestcase" time="0.008"/>
  <system-out/>
  <testcase classname="testng.testngtest" name="printtestng" time="0.001"/>
  <system-out/>
</testsuite> <!-- testng.testngtest -->
